# JRE version: OpenJDK Runtime Environment Temurin-17.0.9+9 (17.0.9+9) (build 17.0.9+9)
# Java VM: OpenJDK 64-Bit Server VM Temurin-17.0.9+9 (17.0.9+9, mixed mode, tiered, compressed oops, compressed class ptrs, g1 gc, windows-amd64)
GC Precious Log:
 CPUs: 4 total, 4 available
 Memory: 8078M
 Large Page Support: Disabled
 NUMA Support: Disabled
 Compressed Oops: Enabled (32-bit)
 Heap Region Size: 1M
 Heap Min Capacity: 8M
 Heap Initial Capacity: 128M
 Heap Max Capacity: 2020M
 Pre-touch: Disabled
 Parallel Workers: 4
 Concurrent Workers: 1
 Concurrent Refinement Workers: 4
 Periodic GC: Disabled
Heap:
 garbage-first heap   total 30720K, used 14309K [0x0000000081c00000, 0x0000000100000000)
  region size 1024K, 8 young (8192K), 1 survivors (1024K)
 Metaspace       used 26720K, committed 27072K, reserved 1114112K
  class space    used 2984K, committed 3136K, reserved 1048576K
GC Heap History (10 events):
Event: 0.859 GC heap before
{Heap before GC invocations=0 (full 0):
 garbage-first heap   total 131072K, used 14336K [0x0000000081c00000, 0x0000000100000000)
  region size 1024K, 13 young (13312K), 0 survivors (0K)
 Metaspace       used 12790K, committed 12928K, reserved 1114112K
  class space    used 1218K, committed 1280K, reserved 1048576K
}
Event: 0.863 GC heap after
{Heap after GC invocations=1 (full 0):
 garbage-first heap   total 131072K, used 4939K [0x0000000081c00000, 0x0000000100000000)
  region size 1024K, 2 young (2048K), 2 survivors (2048K)
 Metaspace       used 12790K, committed 12928K, reserved 1114112K
  class space    used 1218K, committed 1280K, reserved 1048576K
}
Event: 1.301 GC heap before
{Heap before GC invocations=1 (full 0):
 garbage-first heap   total 131072K, used 16203K [0x0000000081c00000, 0x0000000100000000)
  region size 1024K, 13 young (13312K), 2 survivors (2048K)
 Metaspace       used 16621K, committed 16896K, reserved 1114112K
  class space    used 1726K, committed 1856K, reserved 1048576K
}
Event: 1.305 GC heap after
{Heap after GC invocations=2 (full 0):
 garbage-first heap   total 131072K, used 6205K [0x0000000081c00000, 0x0000000100000000)
  region size 1024K, 2 young (2048K), 2 survivors (2048K)
 Metaspace       used 16621K, committed 16896K, reserved 1114112K
  class space    used 1726K, committed 1856K, reserved 1048576K
}
Event: 2.042 GC heap before
{Heap before GC invocations=2 (full 0):
 garbage-first heap   total 131072K, used 18493K [0x0000000081c00000, 0x0000000100000000)
  region size 1024K, 15 young (15360K), 2 survivors (2048K)
 Metaspace       used 21292K, committed 21504K, reserved 1114112K
  class space    used 2256K, committed 2368K, reserved 1048576K
}
Event: 2.045 GC heap after
{Heap after GC invocations=3 (full 0):
 garbage-first heap   total 131072K, used 8072K [0x0000000081c00000, 0x0000000100000000)
  region size 1024K, 3 young (3072K), 3 survivors (3072K)
 Metaspace       used 21292K, committed 21504K, reserved 1114112K
  class space    used 2256K, committed 2368K, reserved 1048576K
}
Event: 8.496 GC heap before
{Heap before GC invocations=4 (full 0):
 garbage-first heap   total 30720K, used 22408K [0x0000000081c00000, 0x0000000100000000)
  region size 1024K, 18 young (18432K), 3 survivors (3072K)
 Metaspace       used 24994K, committed 25280K, reserved 1114112K
  class space    used 2764K, committed 2880K, reserved 1048576K
}
Event: 8.501 GC heap after
{Heap after GC invocations=5 (full 0):
 garbage-first heap   total 30720K, used 9059K [0x0000000081c00000, 0x0000000100000000)
  region size 1024K, 4 young (4096K), 4 survivors (4096K)
 Metaspace       used 24994K, committed 25280K, reserved 1114112K
  class space    used 2764K, committed 2880K, reserved 1048576K
}
Event: 8.537 GC heap before
{Heap before GC invocations=5 (full 0):
 garbage-first heap   total 30720K, used 10083K [0x0000000081c00000, 0x0000000100000000)
  region size 1024K, 5 young (5120K), 4 survivors (4096K)
 Metaspace       used 25141K, committed 25472K, reserved 1114112K
  class space    used 2787K, committed 2944K, reserved 1048576K
}
Event: 8.544 GC heap after
{Heap after GC invocations=6 (full 0):
 garbage-first heap   total 30720K, used 9189K [0x0000000081c00000, 0x0000000100000000)
  region size 1024K, 1 young (1024K), 1 survivors (1024K)
 Metaspace       used 25141K, committed 25472K, reserved 1114112K
  class space    used 2787K, committed 2944K, reserved 1048576K
}

