<?xml version="1.0" encoding="UTF-8"?>
<testng-results ignored="0" total="1" passed="1" failed="0" skipped="0">
  <reporter-output>
  </reporter-output>
  <suite started-at="2026-03-23T16:53:36 IST" name="Default suite" finished-at="2026-03-23T16:53:57 IST" duration-ms="20933">
    <groups>
    </groups>
    <test started-at="2026-03-23T16:53:36 IST" name="Default test" finished-at="2026-03-23T16:53:57 IST" duration-ms="20933">
      <class name="test1.RunLogin1">
        <test-method is-config="true" signature="setup()[pri:0, instance:test1.RunLogin1@4b45a2f5]" started-at="2026-03-23T16:53:36 IST" name="setup" finished-at="2026-03-23T16:53:50 IST" duration-ms="14006" status="PASS">
          <reporter-output>
          </reporter-output>
        </test-method> <!-- setup -->
        <test-method signature="run()[pri:0, instance:test1.RunLogin1@4b45a2f5]" started-at="2026-03-23T16:53:50 IST" name="run" finished-at="2026-03-23T16:53:50 IST" duration-ms="393" status="PASS">
          <reporter-output>
          </reporter-output>
        </test-method> <!-- run -->
        <test-method is-config="true" signature="down()[pri:0, instance:test1.RunLogin1@4b45a2f5]" started-at="2026-03-23T16:53:50 IST" name="down" finished-at="2026-03-23T16:53:57 IST" duration-ms="6454" status="PASS">
          <reporter-output>
          </reporter-output>
        </test-method> <!-- down -->
      </class> <!-- test1.RunLogin1 -->
    </test> <!-- Default test -->
  </suite> <!-- Default suite -->
</testng-results>
