# JRE version: Java(TM) SE Runtime Environment (17.0.12+8) (build 17.0.12+8-LTS-286)
# Java VM: Java HotSpot(TM) 64-Bit Server VM (17.0.12+8-LTS-286, mixed mode, emulated-client, sharing, tiered, compressed oops, compressed class ptrs, g1 gc, windows-amd64)
GC Precious Log:
 CPUs: 4 total, 4 available
 Memory: 8078M
 Large Page Support: Disabled
 NUMA Support: Disabled
 Compressed Oops: Enabled (32-bit)
 Heap Region Size: 1M
 Heap Min Capacity: 8M
 Heap Initial Capacity: 128M
 Heap Max Capacity: 2020M
 Pre-touch: Disabled
 Parallel Workers: 4
 Concurrent Workers: 1
 Concurrent Refinement Workers: 4
 Periodic GC: Disabled
Heap:
 garbage-first heap   total 71680K, used 46543K [0x0000000081c00000, 0x0000000100000000)
  region size 1024K, 15 young (15360K), 3 survivors (3072K)
 Metaspace       used 75317K, committed 75904K, reserved 1114112K
  class space    used 11306K, committed 11584K, reserved 1048576K
GC Heap History (20 events):
Event: 4.887 GC heap before
{Heap before GC invocations=11 (full 0):
 garbage-first heap   total 59392K, used 45404K [0x0000000081c00000, 0x0000000100000000)
  region size 1024K, 25 young (25600K), 2 survivors (2048K)
 Metaspace       used 38505K, committed 39040K, reserved 1114112K
  class space    used 5672K, committed 5888K, reserved 1048576K
}
Event: 4.891 GC heap after
{Heap after GC invocations=12 (full 0):
 garbage-first heap   total 59392K, used 22884K [0x0000000081c00000, 0x0000000100000000)
  region size 1024K, 3 young (3072K), 3 survivors (3072K)
 Metaspace       used 38505K, committed 39040K, reserved 1114112K
  class space    used 5672K, committed 5888K, reserved 1048576K
}
Event: 5.317 GC heap before
{Heap before GC invocations=12 (full 0):
 garbage-first heap   total 59392K, used 46436K [0x0000000081c00000, 0x0000000100000000)
  region size 1024K, 26 young (26624K), 3 survivors (3072K)
 Metaspace       used 42841K, committed 43392K, reserved 1114112K
  class space    used 6302K, committed 6528K, reserved 1048576K
}
Event: 5.321 GC heap after
{Heap after GC invocations=13 (full 0):
 garbage-first heap   total 59392K, used 24780K [0x0000000081c00000, 0x0000000100000000)
  region size 1024K, 4 young (4096K), 4 survivors (4096K)
 Metaspace       used 42841K, committed 43392K, reserved 1114112K
  class space    used 6302K, committed 6528K, reserved 1048576K
}
Event: 5.855 GC heap before
{Heap before GC invocations=13 (full 0):
 garbage-first heap   total 59392K, used 45260K [0x0000000081c00000, 0x0000000100000000)
  region size 1024K, 25 young (25600K), 4 survivors (4096K)
 Metaspace       used 50530K, committed 51008K, reserved 1114112K
  class space    used 7295K, committed 7488K, reserved 1048576K
}
Event: 5.859 GC heap after
{Heap after GC invocations=14 (full 0):
 garbage-first heap   total 59392K, used 26745K [0x0000000081c00000, 0x0000000100000000)
  region size 1024K, 4 young (4096K), 4 survivors (4096K)
 Metaspace       used 50530K, committed 51008K, reserved 1114112K
  class space    used 7295K, committed 7488K, reserved 1048576K
}
Event: 6.185 GC heap before
{Heap before GC invocations=14 (full 0):
 garbage-first heap   total 59392K, used 46201K [0x0000000081c00000, 0x0000000100000000)
  region size 1024K, 23 young (23552K), 4 survivors (4096K)
 Metaspace       used 53530K, committed 54080K, reserved 1114112K
  class space    used 7679K, committed 7936K, reserved 1048576K
}
Event: 6.189 GC heap after
{Heap after GC invocations=15 (full 0):
 garbage-first heap   total 71680K, used 27552K [0x0000000081c00000, 0x0000000100000000)
  region size 1024K, 2 young (2048K), 2 survivors (2048K)
 Metaspace       used 53530K, committed 54080K, reserved 1114112K
  class space    used 7679K, committed 7936K, reserved 1048576K
}
Event: 6.770 GC heap before
{Heap before GC invocations=15 (full 0):
 garbage-first heap   total 71680K, used 56224K [0x0000000081c00000, 0x0000000100000000)
  region size 1024K, 30 young (30720K), 2 survivors (2048K)
 Metaspace       used 59999K, committed 60608K, reserved 1114112K
  class space    used 8706K, committed 9024K, reserved 1048576K
}
Event: 6.773 GC heap after
{Heap after GC invocations=16 (full 0):
 garbage-first heap   total 71680K, used 28413K [0x0000000081c00000, 0x0000000100000000)
  region size 1024K, 2 young (2048K), 2 survivors (2048K)
 Metaspace       used 59999K, committed 60608K, reserved 1114112K
  class space    used 8706K, committed 9024K, reserved 1048576K
}
Event: 6.798 GC heap before
{Heap before GC invocations=16 (full 0):
 garbage-first heap   total 71680K, used 29437K [0x0000000081c00000, 0x0000000100000000)
  region size 1024K, 4 young (4096K), 2 survivors (2048K)
 Metaspace       used 60163K, committed 60736K, reserved 1114112K
  class space    used 8732K, committed 9024K, reserved 1048576K
}
Event: 6.800 GC heap after
{Heap after GC invocations=17 (full 0):
 garbage-first heap   total 71680K, used 28404K [0x0000000081c00000, 0x0000000100000000)
  region size 1024K, 2 young (2048K), 2 survivors (2048K)
 Metaspace       used 60163K, committed 60736K, reserved 1114112K
  class space    used 8732K, committed 9024K, reserved 1048576K
}
Event: 7.385 GC heap before
{Heap before GC invocations=18 (full 0):
 garbage-first heap   total 71680K, used 58100K [0x0000000081c00000, 0x0000000100000000)
  region size 1024K, 31 young (31744K), 2 survivors (2048K)
 Metaspace       used 64683K, committed 65280K, reserved 1114112K
  class space    used 9492K, committed 9792K, reserved 1048576K
}
Event: 7.390 GC heap after
{Heap after GC invocations=19 (full 0):
 garbage-first heap   total 71680K, used 30165K [0x0000000081c00000, 0x0000000100000000)
  region size 1024K, 4 young (4096K), 4 survivors (4096K)
 Metaspace       used 64683K, committed 65280K, reserved 1114112K
  class space    used 9492K, committed 9792K, reserved 1048576K
}
Event: 7.852 GC heap before
{Heap before GC invocations=19 (full 0):
 garbage-first heap   total 71680K, used 56789K [0x0000000081c00000, 0x0000000100000000)
  region size 1024K, 31 young (31744K), 4 survivors (4096K)
 Metaspace       used 68712K, committed 69248K, reserved 1114112K
  class space    used 10174K, committed 10432K, reserved 1048576K
}
Event: 7.857 GC heap after
{Heap after GC invocations=20 (full 0):
 garbage-first heap   total 71680K, used 32269K [0x0000000081c00000, 0x0000000100000000)
  region size 1024K, 4 young (4096K), 4 survivors (4096K)
 Metaspace       used 68712K, committed 69248K, reserved 1114112K
  class space    used 10174K, committed 10432K, reserved 1048576K
}
Event: 8.078 GC heap before
{Heap before GC invocations=20 (full 0):
 garbage-first heap   total 71680K, used 56845K [0x0000000081c00000, 0x0000000100000000)
  region size 1024K, 29 young (29696K), 4 survivors (4096K)
 Metaspace       used 70708K, committed 71296K, reserved 1114112K
  class space    used 10611K, committed 10880K, reserved 1048576K
}
Event: 8.083 GC heap after
{Heap after GC invocations=21 (full 0):
 garbage-first heap   total 71680K, used 33751K [0x0000000081c00000, 0x0000000100000000)
  region size 1024K, 4 young (4096K), 4 survivors (4096K)
 Metaspace       used 70708K, committed 71296K, reserved 1114112K
  class space    used 10611K, committed 10880K, reserved 1048576K
}
Event: 8.532 GC heap before
{Heap before GC invocations=21 (full 0):
 garbage-first heap   total 71680K, used 56279K [0x0000000081c00000, 0x0000000100000000)
  region size 1024K, 27 young (27648K), 4 survivors (4096K)
 Metaspace       used 73730K, committed 74368K, reserved 1114112K
  class space    used 11093K, committed 11392K, reserved 1048576K
}
Event: 8.537 GC heap after
{Heap after GC invocations=22 (full 0):
 garbage-first heap   total 71680K, used 35279K [0x0000000081c00000, 0x0000000100000000)
  region size 1024K, 3 young (3072K), 3 survivors (3072K)
 Metaspace       used 73730K, committed 74368K, reserved 1114112K
  class space    used 11093K, committed 11392K, reserved 1048576K
}

