<?xml version="1.0" encoding="UTF-8"?>
<!-- Generated by org.testng.reporters.JUnitReportReporter -->
<testsuite hostname="CPDK149" failures="0" tests="4" name="day2_testNgpack.PriorityDemo" time="0.020" errors="0" timestamp="2026-03-20T10:09:08 IST" skipped="2">
  <testcase classname="day2_testNgpack.PriorityDemo" name="Reg" time="0.013"/>
  <testcase classname="day2_testNgpack.PriorityDemo" name="Login" time="0.004">
    <skipped/>
  </testcase> <!-- Login -->
  <testcase classname="day2_testNgpack.PriorityDemo" name="Logout" time="0.003"/>
  <testcase classname="day2_testNgpack.PriorityDemo" name="Home">
    <skipped/>
  </testcase> <!-- Home -->
</testsuite> <!-- day2_testNgpack.PriorityDemo -->
