<?xml version="1.0" encoding="UTF-8"?>
<!-- Generated by org.testng.reporters.JUnitReportReporter -->
<testsuite hostname="CPDK149" failures="0" tests="4" name="day2_testNgpack.TestNGGroup" time="0.023" errors="0" timestamp="2026-03-20T15:26:49 IST" skipped="0">
  <testcase classname="day2_testNgpack.TestNGGroup" name="Login" time="0.002"/>
  <testcase classname="day2_testNgpack.TestNGGroup" name="Home" time="0.012"/>
  <testcase classname="day2_testNgpack.TestNGGroup" name="Logout" time="0.006"/>
  <testcase classname="day2_testNgpack.TestNGGroup" name="Payment" time="0.003"/>
</testsuite> <!-- day2_testNgpack.TestNGGroup -->
