<?xml version="1.0" encoding="UTF-8"?>
<!-- Generated by org.testng.reporters.JUnitXMLReporter -->
<testsuite ignored="0" hostname="CPDK149" failures="1" tests="3" name="Test" time="29.359" errors="0" timestamp="2026-03-20T15:45:24 IST">
  <testcase classname="day2_testNgpack.multiple" name="login" time="0.0">
    <failure type="org.testng.TestNGException" message="
Parameter &amp;apos;username&amp;apos; is required by @Test on method login but has not been marked @Optional or defined
in C:\Users\rethessh.ed\eclipse-workspace\testNg\TestNg1\src\test.xml">
      <![CDATA[org.testng.TestNGException: 
Parameter 'username' is required by @Test on method login but has not been marked @Optional or defined
in C:\Users\rethessh.ed\eclipse-workspace\testNg\TestNg1\src\test.xml
at java.base/java.util.concurrent.Executors$RunnableAdapter.call(Executors.java:539)
at java.base/java.util.concurrent.FutureTask.run(FutureTask.java:264)
at java.base/java.util.concurrent.ThreadPoolExecutor.runWorker(ThreadPoolExecutor.java:1136)
at java.base/java.util.concurrent.ThreadPoolExecutor$Worker.run(ThreadPoolExecutor.java:635)
at java.base/java.lang.Thread.run(Thread.java:840)
... Removed 12 stack frames]]>
    </failure>
  </testcase> <!-- login -->
  <testcase classname="day2_testNgpack.DemoParallel" name="chrome" time="7.625"/>
  <testcase classname="day2_testNgpack.DemoParallel" name="firefox" time="15.806"/>
</testsuite> <!-- Test -->
